CRITICAL - 2022-08-02 12:40:34 --> Call to undefined function CodeIgniter\locale_set_default()
in SYSTEMPATH\CodeIgniter.php on line 193.
 1 FCPATH\index.php(43): CodeIgniter\CodeIgniter->initialize()
CRITICAL - 2022-08-02 12:44:41 --> Call to undefined function CodeIgniter\locale_set_default()
in SYSTEMPATH\CodeIgniter.php on line 193.
 1 FCPATH\index.php(43): CodeIgniter\CodeIgniter->initialize()
CRITICAL - 2022-08-02 12:44:42 --> Call to undefined function CodeIgniter\locale_set_default()
in SYSTEMPATH\CodeIgniter.php on line 193.
 1 FCPATH\index.php(43): CodeIgniter\CodeIgniter->initialize()
CRITICAL - 2022-08-02 12:44:42 --> Call to undefined function CodeIgniter\locale_set_default()
in SYSTEMPATH\CodeIgniter.php on line 193.
 1 FCPATH\index.php(43): CodeIgniter\CodeIgniter->initialize()
CRITICAL - 2022-08-02 12:44:42 --> Call to undefined function CodeIgniter\locale_set_default()
in SYSTEMPATH\CodeIgniter.php on line 193.
 1 FCPATH\index.php(43): CodeIgniter\CodeIgniter->initialize()
CRITICAL - 2022-08-02 12:44:42 --> Call to undefined function CodeIgniter\locale_set_default()
in SYSTEMPATH\CodeIgniter.php on line 193.
 1 FCPATH\index.php(43): CodeIgniter\CodeIgniter->initialize()
CRITICAL - 2022-08-02 12:44:43 --> Call to undefined function CodeIgniter\locale_set_default()
in SYSTEMPATH\CodeIgniter.php on line 193.
 1 FCPATH\index.php(43): CodeIgniter\CodeIgniter->initialize()
CRITICAL - 2022-08-02 12:44:43 --> Call to undefined function CodeIgniter\locale_set_default()
in SYSTEMPATH\CodeIgniter.php on line 193.
 1 FCPATH\index.php(43): CodeIgniter\CodeIgniter->initialize()
CRITICAL - 2022-08-02 12:45:04 --> Call to undefined function CodeIgniter\locale_set_default()
in SYSTEMPATH\CodeIgniter.php on line 193.
 1 FCPATH\index.php(43): CodeIgniter\CodeIgniter->initialize()
CRITICAL - 2022-08-02 12:45:04 --> Call to undefined function CodeIgniter\locale_set_default()
in SYSTEMPATH\CodeIgniter.php on line 193.
 1 FCPATH\index.php(43): CodeIgniter\CodeIgniter->initialize()
CRITICAL - 2022-08-02 12:45:04 --> Call to undefined function CodeIgniter\locale_set_default()
in SYSTEMPATH\CodeIgniter.php on line 193.
 1 FCPATH\index.php(43): CodeIgniter\CodeIgniter->initialize()
CRITICAL - 2022-08-02 12:45:04 --> Call to undefined function CodeIgniter\locale_set_default()
in SYSTEMPATH\CodeIgniter.php on line 193.
 1 FCPATH\index.php(43): CodeIgniter\CodeIgniter->initialize()
CRITICAL - 2022-08-02 12:45:04 --> Call to undefined function CodeIgniter\locale_set_default()
in SYSTEMPATH\CodeIgniter.php on line 193.
 1 FCPATH\index.php(43): CodeIgniter\CodeIgniter->initialize()
CRITICAL - 2022-08-02 12:45:05 --> Call to undefined function CodeIgniter\locale_set_default()
in SYSTEMPATH\CodeIgniter.php on line 193.
 1 FCPATH\index.php(43): CodeIgniter\CodeIgniter->initialize()
CRITICAL - 2022-08-02 12:45:05 --> Call to undefined function CodeIgniter\locale_set_default()
in SYSTEMPATH\CodeIgniter.php on line 193.
 1 FCPATH\index.php(43): CodeIgniter\CodeIgniter->initialize()
CRITICAL - 2022-08-02 12:45:05 --> Call to undefined function CodeIgniter\locale_set_default()
in SYSTEMPATH\CodeIgniter.php on line 193.
 1 FCPATH\index.php(43): CodeIgniter\CodeIgniter->initialize()
CRITICAL - 2022-08-02 12:45:24 --> Call to undefined function CodeIgniter\local_set_default()
in SYSTEMPATH\CodeIgniter.php on line 193.
 1 FCPATH\index.php(43): CodeIgniter\CodeIgniter->initialize()
CRITICAL - 2022-08-02 12:45:25 --> Call to undefined function CodeIgniter\local_set_default()
in SYSTEMPATH\CodeIgniter.php on line 193.
 1 FCPATH\index.php(43): CodeIgniter\CodeIgniter->initialize()
CRITICAL - 2022-08-02 12:45:25 --> Call to undefined function CodeIgniter\local_set_default()
in SYSTEMPATH\CodeIgniter.php on line 193.
 1 FCPATH\index.php(43): CodeIgniter\CodeIgniter->initialize()
CRITICAL - 2022-08-02 12:45:25 --> Call to undefined function CodeIgniter\local_set_default()
in SYSTEMPATH\CodeIgniter.php on line 193.
 1 FCPATH\index.php(43): CodeIgniter\CodeIgniter->initialize()
CRITICAL - 2022-08-02 12:45:25 --> Call to undefined function CodeIgniter\local_set_default()
in SYSTEMPATH\CodeIgniter.php on line 193.
 1 FCPATH\index.php(43): CodeIgniter\CodeIgniter->initialize()
CRITICAL - 2022-08-02 12:45:26 --> Call to undefined function CodeIgniter\local_set_default()
in SYSTEMPATH\CodeIgniter.php on line 193.
 1 FCPATH\index.php(43): CodeIgniter\CodeIgniter->initialize()
CRITICAL - 2022-08-02 12:45:26 --> Call to undefined function CodeIgniter\local_set_default()
in SYSTEMPATH\CodeIgniter.php on line 193.
 1 FCPATH\index.php(43): CodeIgniter\CodeIgniter->initialize()
ERROR - 2022-08-02 18:45:44 --> Error connecting to the database: Unknown database 'blog_db'
CRITICAL - 2022-08-02 18:45:44 --> Unable to connect to the database.
Main connection [MySQLi]: Unknown database 'blog_db'
in SYSTEMPATH\Database\BaseConnection.php on line 416.
 1 SYSTEMPATH\Database\BaseConnection.php(586): CodeIgniter\Database\BaseConnection->initialize()
 2 SYSTEMPATH\Database\BaseBuilder.php(1585): CodeIgniter\Database\BaseConnection->query('SELECT `id`, `name`
FROM `categories`
ORDER BY `name` ASC
 LIMIT 3', [], false)
 3 SYSTEMPATH\Model.php(184): CodeIgniter\Database\BaseBuilder->get()
 4 SYSTEMPATH\BaseModel.php(523): CodeIgniter\Model->doFind(false, null)
 5 APPPATH\Controllers\Blog.php(20): CodeIgniter\BaseModel->find()
 6 SYSTEMPATH\CodeIgniter.php(858): App\Controllers\Blog->__construct()
 7 SYSTEMPATH\CodeIgniter.php(457): CodeIgniter\CodeIgniter->createController()
 8 SYSTEMPATH\CodeIgniter.php(349): CodeIgniter\CodeIgniter->handleRequest(null, Object(Config\Cache), false)
 9 FCPATH\index.php(55): CodeIgniter\CodeIgniter->run()
